This is pdfTeX, Version 3.14159265-2.6-1.40.20 (TeX Live 2019/MacPorts 2019.50896_0) (preloaded format=pdflatex 2019.5.30)  4 AUG 2019 17:49
entering extended mode
 restricted \write18 enabled.
 %&-line parsing enabled.
**notes
(./notes.tex
LaTeX2e <2018-12-01>
(/opt/local/share/texmf-texlive/tex/latex/base/report.cls
Document Class: report 2018/09/03 v1.4i Standard LaTeX document class
(/opt/local/share/texmf-texlive/tex/latex/base/fleqn.clo
File: fleqn.clo 2016/12/29 v1.2b Standard LaTeX option (flush left equations)
\mathindent=\dimen102
Applying: [2015/01/01] Make \[ robust on input line 50.
LaTeX Info: Redefining \[ on input line 51.
Already applied: [0000/00/00] Make \[ robust on input line 62.
Applying: [2015/01/01] Make \] robust on input line 74.
LaTeX Info: Redefining \] on input line 75.
Already applied: [0000/00/00] Make \] robust on input line 83.
)
(/opt/local/share/texmf-texlive/tex/latex/base/size10.clo
File: size10.clo 2018/09/03 v1.4i Standard LaTeX file (size option)
)
\c@part=\count80
\c@chapter=\count81
\c@section=\count82
\c@subsection=\count83
\c@subsubsection=\count84
\c@paragraph=\count85
\c@subparagraph=\count86
\c@figure=\count87
\c@table=\count88
\abovecaptionskip=\skip41
\belowcaptionskip=\skip42
\bibindent=\dimen103
)
(/Users/remkes/Library/texmf/tex/latex/remhref.sty
(/Users/remkes/Library/texmf/tex/latex/remmath.sty
(/opt/local/share/texmf-texlive/tex/latex/booktabs/booktabs.sty
Package: booktabs 2016/04/27 v1.618033 publication quality tables
\heavyrulewidth=\dimen104
\lightrulewidth=\dimen105
\cmidrulewidth=\dimen106
\belowrulesep=\dimen107
\belowbottomsep=\dimen108
\aboverulesep=\dimen109
\abovetopsep=\dimen110
\cmidrulesep=\dimen111
\cmidrulekern=\dimen112
\defaultaddspace=\dimen113
\@cmidla=\count89
\@cmidlb=\count90
\@aboverulesep=\dimen114
\@belowrulesep=\dimen115
\@thisruleclass=\count91
\@lastruleclass=\count92
\@thisrulewidth=\dimen116
)
(/opt/local/share/texmf-texlive/tex/latex/amsmath/amsmath.sty
Package: amsmath 2018/12/01 v2.17b AMS math features
\@mathmargin=\skip43

For additional information on amsmath, use the `?' option.
(/opt/local/share/texmf-texlive/tex/latex/amsmath/amstext.sty
Package: amstext 2000/06/29 v2.01 AMS text

(/opt/local/share/texmf-texlive/tex/latex/amsmath/amsgen.sty
File: amsgen.sty 1999/11/30 v2.0 generic functions
\@emptytoks=\toks14
\ex@=\dimen117
))
(/opt/local/share/texmf-texlive/tex/latex/amsmath/amsbsy.sty
Package: amsbsy 1999/11/29 v1.2d Bold Symbols
\pmbraise@=\dimen118
)
(/opt/local/share/texmf-texlive/tex/latex/amsmath/amsopn.sty
Package: amsopn 2016/03/08 v2.02 operator names
)
\inf@bad=\count93
LaTeX Info: Redefining \frac on input line 223.
\uproot@=\count94
\leftroot@=\count95
LaTeX Info: Redefining \overline on input line 385.
\classnum@=\count96
\DOTSCASE@=\count97
LaTeX Info: Redefining \ldots on input line 482.
LaTeX Info: Redefining \dots on input line 485.
LaTeX Info: Redefining \cdots on input line 606.
\Mathstrutbox@=\box27
\strutbox@=\box28
\big@size=\dimen119
LaTeX Font Info:    Redeclaring font encoding OML on input line 729.
LaTeX Font Info:    Redeclaring font encoding OMS on input line 730.
\macc@depth=\count98
\c@MaxMatrixCols=\count99
\dotsspace@=\muskip10
\c@parentequation=\count100
\dspbrk@lvl=\count101
\tag@help=\toks15
\row@=\count102
\column@=\count103
\maxfields@=\count104
\andhelp@=\toks16
\eqnshift@=\dimen120
\alignsep@=\dimen121
\tagshift@=\dimen122
\tagwidth@=\dimen123
\totwidth@=\dimen124
\lineht@=\dimen125
\@envbody=\toks17
\multlinegap=\skip44
\multlinetaggap=\skip45
\mathdisplay@stack=\toks18
LaTeX Info: Redefining \[ on input line 2844.
LaTeX Info: Redefining \] on input line 2845.
)
(/opt/local/share/texmf-texlive/tex/latex/amsfonts/amssymb.sty
Package: amssymb 2013/01/14 v3.01 AMS font symbols

(/opt/local/share/texmf-texlive/tex/latex/amsfonts/amsfonts.sty
Package: amsfonts 2013/01/14 v3.01 Basic AMSFonts support
\symAMSa=\mathgroup4
\symAMSb=\mathgroup5
LaTeX Font Info:    Overwriting math alphabet `\mathfrak' in version `bold'
(Font)                  U/euf/m/n --> U/euf/b/n on input line 106.
))
(/opt/local/share/texmf-texlive/tex/latex/amscls/amsthm.sty
Package: amsthm 2017/10/31 v2.20.4
\thm@style=\toks19
\thm@bodyfont=\toks20
\thm@headfont=\toks21
\thm@notefont=\toks22
\thm@headpunct=\toks23
\thm@preskip=\skip46
\thm@postskip=\skip47
\thm@headsep=\skip48
\dth@everypar=\toks24
)
(/opt/local/share/texmf-texlive/tex/latex/caption/caption.sty
Package: caption 2018/10/06 v3.3-154 Customizing captions (AR)

(/opt/local/share/texmf-texlive/tex/latex/caption/caption3.sty
Package: caption3 2018/09/12 v1.8c caption3 kernel (AR)
Package caption3 Info: TeX engine: e-TeX on input line 64.

(/opt/local/share/texmf-texlive/tex/latex/graphics/keyval.sty
Package: keyval 2014/10/28 v1.15 key=value parser (DPC)
\KV@toks@=\toks25
)
\captionmargin=\dimen126
\captionmargin@=\dimen127
\captionwidth=\dimen128
\caption@tempdima=\dimen129
\caption@indent=\dimen130
\caption@parindent=\dimen131
\caption@hangindent=\dimen132
)
\c@caption@flags=\count105
\c@ContinuedFloat=\count106
)
(/opt/local/share/texmf-texlive/tex/latex/graphics/epsfig.sty
Package: epsfig 2017/06/25 v1.7b (e)psfig emulation (SPQR)

(/opt/local/share/texmf-texlive/tex/latex/graphics/graphicx.sty
Package: graphicx 2017/06/01 v1.1a Enhanced LaTeX Graphics (DPC,SPQR)

(/opt/local/share/texmf-texlive/tex/latex/graphics/graphics.sty
Package: graphics 2017/06/25 v1.2c Standard LaTeX Graphics (DPC,SPQR)

(/opt/local/share/texmf-texlive/tex/latex/graphics/trig.sty
Package: trig 2016/01/03 v1.10 sin cos tan (DPC)
)
(/opt/local/share/texmf-texlive/tex/latex/graphics-cfg/graphics.cfg
File: graphics.cfg 2016/06/04 v1.11 sample graphics configuration
)
Package graphics Info: Driver file: pdftex.def on input line 99.

(/opt/local/share/texmf-texlive/tex/latex/graphics-def/pdftex.def
File: pdftex.def 2018/01/08 v1.0l Graphics/color driver for pdftex
))
\Gin@req@height=\dimen133
\Gin@req@width=\dimen134
)
\epsfxsize=\dimen135
\epsfysize=\dimen136
)
(/opt/local/share/texmf-texlive/tex/latex/mathtools/mathtools.sty
Package: mathtools 2018/01/08 v1.21 mathematical typesetting tools

(/opt/local/share/texmf-texlive/tex/latex/tools/calc.sty
Package: calc 2017/05/25 v4.3 Infix arithmetic (KKT,FJ)
\calc@Acount=\count107
\calc@Bcount=\count108
\calc@Adimen=\dimen137
\calc@Bdimen=\dimen138
\calc@Askip=\skip49
\calc@Bskip=\skip50
LaTeX Info: Redefining \setlength on input line 80.
LaTeX Info: Redefining \addtolength on input line 81.
\calc@Ccount=\count109
\calc@Cskip=\skip51
)
(/opt/local/share/texmf-texlive/tex/latex/mathtools/mhsetup.sty
Package: mhsetup 2017/03/31 v1.3 programming setup (MH)
)
LaTeX Info: Thecontrolsequence`\('isalreadyrobust on input line 129.
LaTeX Info: Thecontrolsequence`\)'isalreadyrobust on input line 129.
LaTeX Info: Thecontrolsequence`\['isalreadyrobust on input line 129.
LaTeX Info: Thecontrolsequence`\]'isalreadyrobust on input line 129.
\g_MT_multlinerow_int=\count110
\l_MT_multwidth_dim=\dimen139
\origjot=\skip52
\l_MT_shortvdotswithinadjustabove_dim=\dimen140
\l_MT_shortvdotswithinadjustbelow_dim=\dimen141
\l_MT_above_intertext_sep=\dimen142
\l_MT_below_intertext_sep=\dimen143
\l_MT_above_shortintertext_sep=\dimen144
\l_MT_below_shortintertext_sep=\dimen145
)
(/opt/local/share/texmf-texlive/tex/latex/caption/subcaption.sty
Package: subcaption 2018/05/01 v1.1-162 Sub-captions (AR)
\c@subfigure=\count111
\c@subtable=\count112
)
(/opt/local/share/texmf-texlive/tex/latex/tools/verbatim.sty
Package: verbatim 2014/10/28 v1.5q LaTeX2e package for verbatim enhancements
\every@verbatim=\toks26
\verbatim@line=\toks27
\verbatim@in@stream=\read1
)
(/opt/local/share/texmf-texlive/tex/latex/tools/array.sty
Package: array 2018/12/30 v2.4k Tabular extension package (FMi)
\col@sep=\dimen146
\ar@mcellbox=\box29
\extrarowheight=\dimen147
\NC@list=\toks28
\extratabsurround=\skip53
\backup@length=\skip54
\ar@cellbox=\box30
)
(/Users/remkes/Library/texmf/tex/latex/remsymb.sty)
(/Users/remkes/Library/texmf/tex/latex/remdefs.sty
\colveccount=\count113
)
\c@thm=\count114
))
(/opt/local/share/texmf-texlive/tex/latex/hyperref/hyperref.sty
Package: hyperref 2018/11/30 v6.88e Hypertext links for LaTeX

(/opt/local/share/texmf-texlive/tex/generic/oberdiek/hobsub-hyperref.sty
Package: hobsub-hyperref 2016/05/16 v1.14 Bundle oberdiek, subset hyperref (HO)


(/opt/local/share/texmf-texlive/tex/generic/oberdiek/hobsub-generic.sty
Package: hobsub-generic 2016/05/16 v1.14 Bundle oberdiek, subset generic (HO)
Package: hobsub 2016/05/16 v1.14 Construct package bundles (HO)
Package: infwarerr 2016/05/16 v1.4 Providing info/warning/error messages (HO)
Package: ltxcmds 2016/05/16 v1.23 LaTeX kernel commands for general use (HO)
Package: ifluatex 2016/05/16 v1.4 Provides the ifluatex switch (HO)
Package ifluatex Info: LuaTeX not detected.
Package: ifvtex 2016/05/16 v1.6 Detect VTeX and its facilities (HO)
Package ifvtex Info: VTeX not detected.
Package: intcalc 2016/05/16 v1.2 Expandable calculations with integers (HO)
Package: ifpdf 2018/09/07 v3.3 Provides the ifpdf switch
Package: etexcmds 2016/05/16 v1.6 Avoid name clashes with e-TeX commands (HO)
Package: kvsetkeys 2016/05/16 v1.17 Key value parser (HO)
Package: kvdefinekeys 2016/05/16 v1.4 Define keys (HO)
Package: pdftexcmds 2018/09/10 v0.29 Utility functions of pdfTeX for LuaTeX (HO
)
Package pdftexcmds Info: LuaTeX not detected.
Package pdftexcmds Info: \pdf@primitive is available.
Package pdftexcmds Info: \pdf@ifprimitive is available.
Package pdftexcmds Info: \pdfdraftmode found.
Package: pdfescape 2016/05/16 v1.14 Implements pdfTeX's escape features (HO)
Package: bigintcalc 2016/05/16 v1.4 Expandable calculations on big integers (HO
)
Package: bitset 2016/05/16 v1.2 Handle bit-vector datatype (HO)
Package: uniquecounter 2016/05/16 v1.3 Provide unlimited unique counter (HO)
)
Package hobsub Info: Skipping package `hobsub' (already loaded).
Package: letltxmacro 2016/05/16 v1.5 Let assignment for LaTeX macros (HO)
Package: hopatch 2016/05/16 v1.3 Wrapper for package hooks (HO)
Package: xcolor-patch 2016/05/16 xcolor patch
Package: atveryend 2016/05/16 v1.9 Hooks at the very end of document (HO)
Package atveryend Info: \enddocument detected (standard20110627).
Package: atbegshi 2016/06/09 v1.18 At begin shipout hook (HO)
Package: refcount 2016/05/16 v3.5 Data extraction from label references (HO)
Package: hycolor 2016/05/16 v1.8 Color options for hyperref/bookmark (HO)
)
(/opt/local/share/texmf-texlive/tex/generic/ifxetex/ifxetex.sty
Package: ifxetex 2010/09/12 v0.6 Provides ifxetex conditional
)
(/opt/local/share/texmf-texlive/tex/latex/oberdiek/auxhook.sty
Package: auxhook 2016/05/16 v1.4 Hooks for auxiliary files (HO)
)
(/opt/local/share/texmf-texlive/tex/latex/oberdiek/kvoptions.sty
Package: kvoptions 2016/05/16 v3.12 Key value format for package options (HO)
)
\@linkdim=\dimen148
\Hy@linkcounter=\count115
\Hy@pagecounter=\count116

(/opt/local/share/texmf-texlive/tex/latex/hyperref/pd1enc.def
File: pd1enc.def 2018/11/30 v6.88e Hyperref: PDFDocEncoding definition (HO)
Now handling font encoding PD1 ...
... no UTF-8 mapping file for font encoding PD1
)
\Hy@SavedSpaceFactor=\count117

(/opt/local/share/texmf-texlive/tex/latex/latexconfig/hyperref.cfg
File: hyperref.cfg 2002/06/06 v1.2 hyperref configuration of TeXLive
)
Package hyperref Info: Hyper figures OFF on input line 4519.
Package hyperref Info: Link nesting OFF on input line 4524.
Package hyperref Info: Hyper index ON on input line 4527.
Package hyperref Info: Plain pages OFF on input line 4534.
Package hyperref Info: Backreferencing OFF on input line 4539.
Package hyperref Info: Implicit mode ON; LaTeX internals redefined.
Package hyperref Info: Bookmarks ON on input line 4772.
\c@Hy@tempcnt=\count118

(/opt/local/share/texmf-texlive/tex/latex/url/url.sty
\Urlmuskip=\muskip11
Package: url 2013/09/16  ver 3.4  Verb mode for urls, etc.
)
LaTeX Info: Redefining \url on input line 5125.
\XeTeXLinkMargin=\dimen149
\Fld@menulength=\count119
\Field@Width=\dimen150
\Fld@charsize=\dimen151
Package hyperref Info: Hyper figures OFF on input line 6380.
Package hyperref Info: Link nesting OFF on input line 6385.
Package hyperref Info: Hyper index ON on input line 6388.
Package hyperref Info: backreferencing OFF on input line 6395.
Package hyperref Info: Link coloring OFF on input line 6400.
Package hyperref Info: Link coloring with OCG OFF on input line 6405.
Package hyperref Info: PDF/A mode OFF on input line 6410.
LaTeX Info: Redefining \ref on input line 6450.
LaTeX Info: Redefining \pageref on input line 6454.
\Hy@abspage=\count120
\c@Item=\count121
\c@Hfootnote=\count122
)
Package hyperref Info: Driver (autodetected): hpdftex.

(/opt/local/share/texmf-texlive/tex/latex/hyperref/hpdftex.def
File: hpdftex.def 2018/11/30 v6.88e Hyperref driver for pdfTeX
\Fld@listcount=\count123
\c@bookmark@seq@number=\count124

(/opt/local/share/texmf-texlive/tex/latex/oberdiek/rerunfilecheck.sty
Package: rerunfilecheck 2016/05/16 v1.8 Rerun checks for auxiliary files (HO)
Package uniquecounter Info: New unique counter `rerunfilecheck' on input line 2
82.
)
\Hy@SectionHShift=\skip55
)
(/Users/remkes/Library/texmf/tex/latex/polynom.sty
Package: polynom 2002/01/10 0.14 (Carsten Heinz)
\pld@currstage=\count125
) (./notes.aux)
\openout1 = `notes.aux'.

LaTeX Font Info:    Checking defaults for OML/cmm/m/it on input line 5.
LaTeX Font Info:    ... okay on input line 5.
LaTeX Font Info:    Checking defaults for T1/cmr/m/n on input line 5.
LaTeX Font Info:    ... okay on input line 5.
LaTeX Font Info:    Checking defaults for OT1/cmr/m/n on input line 5.
LaTeX Font Info:    ... okay on input line 5.
LaTeX Font Info:    Checking defaults for OMS/cmsy/m/n on input line 5.
LaTeX Font Info:    ... okay on input line 5.
LaTeX Font Info:    Checking defaults for OMX/cmex/m/n on input line 5.
LaTeX Font Info:    ... okay on input line 5.
LaTeX Font Info:    Checking defaults for U/cmr/m/n on input line 5.
LaTeX Font Info:    ... okay on input line 5.
LaTeX Font Info:    Checking defaults for PD1/pdf/m/n on input line 5.
LaTeX Font Info:    ... okay on input line 5.
Package caption Info: Begin \AtBeginDocument code.
Package caption Info: hyperref package is loaded.
Package caption Info: End \AtBeginDocument code.

(/opt/local/share/texmf-texlive/tex/context/base/mkii/supp-pdf.mkii
[Loading MPS to PDF converter (version 2006.09.02).]
\scratchcounter=\count126
\scratchdimen=\dimen152
\scratchbox=\box31
\nofMPsegments=\count127
\nofMParguments=\count128
\everyMPshowfont=\toks29
\MPscratchCnt=\count129
\MPscratchDim=\dimen153
\MPnumerator=\count130
\makeMPintoPDFobject=\count131
\everyMPtoPDFconversion=\toks30
) (/opt/local/share/texmf-texlive/tex/latex/oberdiek/epstopdf-base.sty
Package: epstopdf-base 2016/05/15 v2.6 Base part for package epstopdf

(/opt/local/share/texmf-texlive/tex/latex/oberdiek/grfext.sty
Package: grfext 2016/05/16 v1.2 Manage graphics extensions (HO)
)
Package epstopdf-base Info: Redefining graphics rule for `.eps' on input line 4
38.
Package grfext Info: Graphics extension search list:
(grfext)             [.pdf,.png,.jpg,.mps,.jpeg,.jbig2,.jb2,.PDF,.PNG,.JPG,.JPE
G,.JBIG2,.JB2,.eps]
(grfext)             \AppendGraphicsExtensions on input line 456.

(/opt/local/share/texmf-texlive/tex/latex/latexconfig/epstopdf-sys.cfg
File: epstopdf-sys.cfg 2010/07/13 v1.3 Configuration of (r)epstopdf for TeX Liv
e
))
\AtBeginShipoutBox=\box32
Package hyperref Info: Link coloring OFF on input line 5.

(/opt/local/share/texmf-texlive/tex/latex/hyperref/nameref.sty
Package: nameref 2016/05/21 v2.44 Cross-referencing by name of section

(/opt/local/share/texmf-texlive/tex/generic/oberdiek/gettitlestring.sty
Package: gettitlestring 2016/05/16 v1.5 Cleanup title references (HO)
)
\c@section@level=\count132
)
LaTeX Info: Redefining \ref on input line 5.
LaTeX Info: Redefining \pageref on input line 5.
LaTeX Info: Redefining \nameref on input line 5.

(./notes.out) (./notes.out)
\@outlinefile=\write3
\openout3 = `notes.out'.

LaTeX Font Info:    Try loading font information for U+msa on input line 13.

(/opt/local/share/texmf-texlive/tex/latex/amsfonts/umsa.fd
File: umsa.fd 2013/01/14 v3.01 AMS symbols A
)
LaTeX Font Info:    Try loading font information for U+msb on input line 13.

(/opt/local/share/texmf-texlive/tex/latex/amsfonts/umsb.fd
File: umsb.fd 2013/01/14 v3.01 AMS symbols B
) [1

{/opt/local/var/db/texmf/fonts/map/pdftex/updmap/pdftex.map}] (./notes.tocpdfTe
X warning (ext4): destination with the same identifier (name{page.1}) has been 
already used, duplicate ignored
<to be read again> 
                   \relax 
l.49 ...numberline {5.2}Examples}{55}{section.5.2}
                                                  % [1

])
\tf@toc=\write4
\openout4 = `notes.toc'.

 [2]
Chapter 1.
[3

]
Chapter 2.
[4

] [5] [6] [7] [8] [9] [10] [11] [12]
Chapter 3.
Package epstopdf Info: Source file: <figure01.eps>
(epstopdf)                    date: 2017-01-03 12:40:04
(epstopdf)                    size: 78247 bytes
(epstopdf)             Output file: <figure01-eps-converted-to.pdf>
(epstopdf)                    date: 2017-01-03 12:40:11
(epstopdf)                    size: 9173 bytes
(epstopdf)             Command: <repstopdf --outfile=figure01-eps-converted-to.
pdf figure01.eps>
(epstopdf)             \includegraphics on input line 575.
Package epstopdf Info: Output file is already uptodate.
<figure01-eps-converted-to.pdf, id=300, 314.17375pt x 227.85126pt>
File: figure01-eps-converted-to.pdf Graphic file (type pdf)
<use figure01-eps-converted-to.pdf>
Package pdftex.def Info: figure01-eps-converted-to.pdf  used on input line 575.

(pdftex.def)             Requested size: 227.62204pt x 165.0784pt.
[13

 <./figure01-eps-converted-to.pdf>]
Package epstopdf Info: Source file: <figure02.eps>
(epstopdf)                    date: 2017-01-03 12:40:33
(epstopdf)                    size: 66085 bytes
(epstopdf)             Output file: <figure02-eps-converted-to.pdf>
(epstopdf)                    date: 2017-01-03 12:40:35
(epstopdf)                    size: 10000 bytes
(epstopdf)             Command: <repstopdf --outfile=figure02-eps-converted-to.
pdf figure02.eps>
(epstopdf)             \includegraphics on input line 596.
Package epstopdf Info: Output file is already uptodate.
<figure02-eps-converted-to.pdf, id=327, 286.06876pt x 227.85126pt>
File: figure02-eps-converted-to.pdf Graphic file (type pdf)
<use figure02-eps-converted-to.pdf>
Package pdftex.def Info: figure02-eps-converted-to.pdf  used on input line 596.

(pdftex.def)             Requested size: 227.62204pt x 181.30081pt.
 [14 <./figure02-eps-converted-to.pdf>]
[15] [16] [17]
Package epstopdf Info: Source file: <figure03.eps>
(epstopdf)                    date: 2015-12-22 11:40:52
(epstopdf)                    size: 65980 bytes
(epstopdf)             Output file: <figure03-eps-converted-to.pdf>
(epstopdf)                    date: 2015-12-22 11:40:54
(epstopdf)                    size: 7099 bytes
(epstopdf)             Command: <repstopdf --outfile=figure03-eps-converted-to.
pdf figure03.eps>
(epstopdf)             \includegraphics on input line 816.
Package epstopdf Info: Output file is already uptodate.
<figure03-eps-converted-to.pdf, id=356, 300.12125pt x 286.06876pt>
File: figure03-eps-converted-to.pdf Graphic file (type pdf)
<use figure03-eps-converted-to.pdf>
Package pdftex.def Info: figure03-eps-converted-to.pdf  used on input line 816.

(pdftex.def)             Requested size: 227.62204pt x 216.96927pt.
 [18 <./figure03-eps-converted-to.pdf>]
Package epstopdf Info: Source file: <figure04.eps>
(epstopdf)                    date: 2017-01-03 12:41:22
(epstopdf)                    size: 101724 bytes
(epstopdf)             Output file: <figure04-eps-converted-to.pdf>
(epstopdf)                    date: 2017-01-03 12:41:26
(epstopdf)                    size: 20749 bytes
(epstopdf)             Command: <repstopdf --outfile=figure04-eps-converted-to.
pdf figure04.eps>
(epstopdf)             \includegraphics on input line 906.
Package epstopdf Info: Output file is already uptodate.
<figure04-eps-converted-to.pdf, id=376, 342.27875pt x 135.50626pt>
File: figure04-eps-converted-to.pdf Graphic file (type pdf)
<use figure04-eps-converted-to.pdf>
Package pdftex.def Info: figure04-eps-converted-to.pdf  used on input line 906.

(pdftex.def)             Requested size: 284.52756pt x 112.65002pt.
 [19]
Package epstopdf Info: Source file: <figure05.eps>
(epstopdf)                    date: 2017-01-03 12:42:52
(epstopdf)                    size: 66339 bytes
(epstopdf)             Output file: <figure05-eps-converted-to.pdf>
(epstopdf)                    date: 2017-01-03 12:42:56
(epstopdf)                    size: 13045 bytes
(epstopdf)             Command: <repstopdf --outfile=figure05-eps-converted-to.
pdf figure05.eps>
(epstopdf)             \includegraphics on input line 964.
Package epstopdf Info: Output file is already uptodate.
<figure05-eps-converted-to.pdf, id=388, 342.27875pt x 151.56625pt>
File: figure05-eps-converted-to.pdf Graphic file (type pdf)
<use figure05-eps-converted-to.pdf>
Package pdftex.def Info: figure05-eps-converted-to.pdf  used on input line 964.

(pdftex.def)             Requested size: 284.52756pt x 126.00114pt.
 [20 <./figure04-eps-converted-to.pdf>]
Package epstopdf Info: Source file: <figure06.eps>
(epstopdf)                    date: 2017-01-03 12:44:08
(epstopdf)                    size: 39350 bytes
(epstopdf)             Output file: <figure06-eps-converted-to.pdf>
(epstopdf)                    date: 2017-01-03 12:44:14
(epstopdf)                    size: 7068 bytes
(epstopdf)             Command: <repstopdf --outfile=figure06-eps-converted-to.
pdf figure06.eps>
(epstopdf)             \includegraphics on input line 983.
Package epstopdf Info: Output file is already uptodate.
<figure06-eps-converted-to.pdf, id=400, 133.49875pt x 227.85126pt>
File: figure06-eps-converted-to.pdf Graphic file (type pdf)
<use figure06-eps-converted-to.pdf>
Package pdftex.def Info: figure06-eps-converted-to.pdf  used on input line 983.

(pdftex.def)             Requested size: 113.81102pt x 194.25508pt.
 [21 <./figure05-eps-converted-to.pdf> <./figure06-eps-converted-to.pdf>]
Package epstopdf Info: Source file: <figure07.eps>
(epstopdf)                    date: 2017-01-03 12:49:10
(epstopdf)                    size: 48053 bytes
(epstopdf)             Output file: <figure07-eps-converted-to.pdf>
(epstopdf)                    date: 2017-01-03 12:49:12
(epstopdf)                    size: 6148 bytes
(epstopdf)             Command: <repstopdf --outfile=figure07-eps-converted-to.
pdf figure07.eps>
(epstopdf)             \includegraphics on input line 1056.
Package epstopdf Info: Output file is already uptodate.
<figure07-eps-converted-to.pdf, id=415, 328.22626pt x 227.85126pt>
File: figure07-eps-converted-to.pdf Graphic file (type pdf)
<use figure07-eps-converted-to.pdf>
Package pdftex.def Info: figure07-eps-converted-to.pdf  used on input line 1056
.
(pdftex.def)             Requested size: 284.52756pt x 197.51973pt.
 [22] [23 <./figure07-eps-converted-to.pdf>] [24] [25]
Chapter 4.
[26

] [27] [28] [29] [30] [31] [32] [33] [34] [35] [36] [37] [38] [39] [40]
[41] [42] [43] [44] [45] [46] [47] [48] [49] [50]
Package epstopdf Info: Source file: <figure08.eps>
(epstopdf)                    date: 2016-02-18 11:31:47
(epstopdf)                    size: 47507 bytes
(epstopdf)             Output file: <figure08-eps-converted-to.pdf>
(epstopdf)                    date: 2016-02-18 11:31:48
(epstopdf)                    size: 5837 bytes
(epstopdf)             Command: <repstopdf --outfile=figure08-eps-converted-to.
pdf figure08.eps>
(epstopdf)             \includegraphics on input line 2452.
Package epstopdf Info: Output file is already uptodate.
<figure08-eps-converted-to.pdf, id=605, 213.79875pt x 286.06876pt>
File: figure08-eps-converted-to.pdf Graphic file (type pdf)
<use figure08-eps-converted-to.pdf>
Package pdftex.def Info: figure08-eps-converted-to.pdf  used on input line 2452
.
(pdftex.def)             Requested size: 113.81102pt x 152.2792pt.
Package epstopdf Info: Source file: <figure09.eps>
(epstopdf)                    date: 2016-02-18 11:37:16
(epstopdf)                    size: 47374 bytes
(epstopdf)             Output file: <figure09-eps-converted-to.pdf>
(epstopdf)                    date: 2016-02-18 11:37:18
(epstopdf)                    size: 5726 bytes
(epstopdf)             Command: <repstopdf --outfile=figure09-eps-converted-to.
pdf figure09.eps>
(epstopdf)             \includegraphics on input line 2478.
Package epstopdf Info: Output file is already uptodate.
<figure09-eps-converted-to.pdf, id=607, 456.70625pt x 75.28125pt>
File: figure09-eps-converted-to.pdf Graphic file (type pdf)
<use figure09-eps-converted-to.pdf>
Package pdftex.def Info: figure09-eps-converted-to.pdf  used on input line 2478
.
(pdftex.def)             Requested size: 341.43306pt x 56.28159pt.
 [51 <./figure08-eps-converted-to.pdf>] [52 <./figure09-eps-converted-to.pdf>] 
[53]
Chapter 5.
[54

]
Package epstopdf Info: Source file: <figure10.eps>
(epstopdf)                    date: 2017-01-03 12:51:14
(epstopdf)                    size: 44581 bytes
(epstopdf)             Output file: <figure10-eps-converted-to.pdf>
(epstopdf)                    date: 2017-01-03 12:51:16
(epstopdf)                    size: 5793 bytes
(epstopdf)             Command: <repstopdf --outfile=figure10-eps-converted-to.
pdf figure10.eps>
(epstopdf)             \includegraphics on input line 2659.
Package epstopdf Info: Output file is already uptodate.
<figure10-eps-converted-to.pdf, id=649, 294.09875pt x 227.85126pt>
File: figure10-eps-converted-to.pdf Graphic file (type pdf)
<use figure10-eps-converted-to.pdf>
Package pdftex.def Info: figure10-eps-converted-to.pdf  used on input line 2659
.
(pdftex.def)             Requested size: 284.52756pt x 220.43831pt.
Package epstopdf Info: Source file: <figure11.eps>
(epstopdf)                    date: 2016-02-25 20:20:05
(epstopdf)                    size: 3879 bytes
(epstopdf)             Output file: <figure11-eps-converted-to.pdf>
(epstopdf)                    date: 2016-02-25 20:31:48
(epstopdf)                    size: 2915 bytes
(epstopdf)             Command: <repstopdf --outfile=figure11-eps-converted-to.
pdf figure11.eps>
(epstopdf)             \includegraphics on input line 2684.
Package epstopdf Info: Output file is already uptodate.
<figure11-eps-converted-to.pdf, id=651, 286.06876pt x 286.06876pt>
File: figure11-eps-converted-to.pdf Graphic file (type pdf)
<use figure11-eps-converted-to.pdf>
Package pdftex.def Info: figure11-eps-converted-to.pdf  used on input line 2684
.
(pdftex.def)             Requested size: 227.62204pt x 227.62436pt.
 [55 <./figure10-eps-converted-to.pdf>]
Package epstopdf Info: Source file: <figure12.eps>
(epstopdf)                    date: 2016-02-25 21:10:44
(epstopdf)                    size: 3568 bytes
(epstopdf)             Output file: <figure12-eps-converted-to.pdf>
(epstopdf)                    date: 2016-02-25 21:10:45
(epstopdf)                    size: 3052 bytes
(epstopdf)             Command: <repstopdf --outfile=figure12-eps-converted-to.
pdf figure12.eps>
(epstopdf)             \includegraphics on input line 2699.
Package epstopdf Info: Output file is already uptodate.
<figure12-eps-converted-to.pdf, id=670, 286.06876pt x 47.17625pt>
File: figure12-eps-converted-to.pdf Graphic file (type pdf)
<use figure12-eps-converted-to.pdf>
Package pdftex.def Info: figure12-eps-converted-to.pdf  used on input line 2699
.
(pdftex.def)             Requested size: 398.33858pt x 65.69211pt.
Package epstopdf Info: Source file: <figure13.eps>
(epstopdf)                    date: 2016-02-25 20:25:22
(epstopdf)                    size: 3681 bytes
(epstopdf)             Output file: <figure13-eps-converted-to.pdf>
(epstopdf)                    date: 2016-02-25 20:31:48
(epstopdf)                    size: 3258 bytes
(epstopdf)             Command: <repstopdf --outfile=figure13-eps-converted-to.
pdf figure13.eps>
(epstopdf)             \includegraphics on input line 2717.
Package epstopdf Info: Output file is already uptodate.
<figure13-eps-converted-to.pdf, id=671, 314.17375pt x 286.06876pt>
File: figure13-eps-converted-to.pdf Graphic file (type pdf)
<use figure13-eps-converted-to.pdf>
Package pdftex.def Info: figure13-eps-converted-to.pdf  used on input line 2717
.
(pdftex.def)             Requested size: 199.16928pt x 181.35045pt.
Package epstopdf Info: Source file: <figure14.eps>
(epstopdf)                    date: 2016-02-25 20:34:18
(epstopdf)                    size: 3912 bytes
(epstopdf)             Output file: <figure14-eps-converted-to.pdf>
(epstopdf)                    date: 2016-02-25 20:34:25
(epstopdf)                    size: 3253 bytes
(epstopdf)             Command: <repstopdf --outfile=figure14-eps-converted-to.
pdf figure14.eps>
(epstopdf)             \includegraphics on input line 2730.
Package epstopdf Info: Output file is already uptodate.
<figure14-eps-converted-to.pdf, id=672, 408.52625pt x 286.06876pt>
File: figure14-eps-converted-to.pdf Graphic file (type pdf)
<use figure14-eps-converted-to.pdf>
Package pdftex.def Info: figure14-eps-converted-to.pdf  used on input line 2730
.
(pdftex.def)             Requested size: 227.62204pt x 159.39424pt.
Package epstopdf Info: Source file: <figure15.eps>
(epstopdf)                    date: 2016-02-25 20:35:54
(epstopdf)                    size: 3906 bytes
(epstopdf)             Output file: <figure15-eps-converted-to.pdf>
(epstopdf)                    date: 2016-02-25 20:35:56
(epstopdf)                    size: 3218 bytes
(epstopdf)             Command: <repstopdf --outfile=figure15-eps-converted-to.
pdf figure15.eps>
(epstopdf)             \includegraphics on input line 2743.
Package epstopdf Info: Output file is already uptodate.
<figure15-eps-converted-to.pdf, id=673, 420.57124pt x 286.06876pt>
File: figure15-eps-converted-to.pdf Graphic file (type pdf)
<use figure15-eps-converted-to.pdf>
Package pdftex.def Info: figure15-eps-converted-to.pdf  used on input line 2743
.
(pdftex.def)             Requested size: 227.62204pt x 154.82838pt.
 [56 <./figure11-eps-converted-to.pdf> <./figure12-eps-converted-to.pdf>]
Package epstopdf Info: Source file: <figure16.eps>
(epstopdf)                    date: 2016-02-25 20:31:37
(epstopdf)                    size: 3884 bytes
(epstopdf)             Output file: <figure16-eps-converted-to.pdf>
(epstopdf)                    date: 2016-02-25 20:31:49
(epstopdf)                    size: 3143 bytes
(epstopdf)             Command: <repstopdf --outfile=figure16-eps-converted-to.
pdf figure16.eps>
(epstopdf)             \includegraphics on input line 2762.
Package epstopdf Info: Output file is already uptodate.
<figure16-eps-converted-to.pdf, id=687, 330.23375pt x 286.06876pt>
File: figure16-eps-converted-to.pdf Graphic file (type pdf)
<use figure16-eps-converted-to.pdf>
Package pdftex.def Info: figure16-eps-converted-to.pdf  used on input line 2762
.
(pdftex.def)             Requested size: 199.16928pt x 172.5374pt.
 [57 <./figure13-eps-converted-to.pdf>]
[58 <./figure14-eps-converted-to.pdf> <./figure15-eps-converted-to.pdf>]
Package epstopdf Info: Source file: <figure17.eps>
(epstopdf)                    date: 2016-02-27 22:35:57
(epstopdf)                    size: 6939 bytes
(epstopdf)             Output file: <figure17-eps-converted-to.pdf>
(epstopdf)                    date: 2016-02-27 22:36:21
(epstopdf)                    size: 3963 bytes
(epstopdf)             Command: <repstopdf --outfile=figure17-eps-converted-to.
pdf figure17.eps>
(epstopdf)             \includegraphics on input line 2838.
Package epstopdf Info: Output file is already uptodate.
<figure17-eps-converted-to.pdf, id=708, 261.97874pt x 286.06876pt>
File: figure17-eps-converted-to.pdf Graphic file (type pdf)
<use figure17-eps-converted-to.pdf>
Package pdftex.def Info: figure17-eps-converted-to.pdf  used on input line 2838
.
(pdftex.def)             Requested size: 199.16928pt x 217.48871pt.

[59 <./figure16-eps-converted-to.pdf>] [60 <./figure17-eps-converted-to.pdf>]
[61] [62] [63] [64] [65]
Package epstopdf Info: Source file: <figure18.eps>
(epstopdf)                    date: 2016-03-02 09:33:52
(epstopdf)                    size: 41662 bytes
(epstopdf)             Output file: <figure18-eps-converted-to.pdf>
(epstopdf)                    date: 2016-03-02 09:33:54
(epstopdf)                    size: 24880 bytes
(epstopdf)             Command: <repstopdf --outfile=figure18-eps-converted-to.
pdf figure18.eps>
(epstopdf)             \includegraphics on input line 3227.
Package epstopdf Info: Output file is already uptodate.
<figure18-eps-converted-to.pdf, id=767, 65.24374pt x 83.31125pt>
File: figure18-eps-converted-to.pdf Graphic file (type pdf)
<use figure18-eps-converted-to.pdf>
Package pdftex.def Info: figure18-eps-converted-to.pdf  used on input line 3227
.
(pdftex.def)             Requested size: 199.16928pt x 254.35951pt.
Package epstopdf Info: Source file: <figure19.eps>
(epstopdf)                    date: 2016-03-02 09:07:42
(epstopdf)                    size: 77663 bytes
(epstopdf)             Output file: <figure19-eps-converted-to.pdf>
(epstopdf)                    date: 2016-03-02 09:07:43
(epstopdf)                    size: 9092 bytes
(epstopdf)             Command: <repstopdf --outfile=figure19-eps-converted-to.
pdf figure19.eps>
(epstopdf)             \includegraphics on input line 3234.
Package epstopdf Info: Output file is already uptodate.
<figure19-eps-converted-to.pdf, id=768, 286.06876pt x 261.97874pt>
File: figure19-eps-converted-to.pdf Graphic file (type pdf)
<use figure19-eps-converted-to.pdf>
Package pdftex.def Info: figure19-eps-converted-to.pdf  used on input line 3234
.
(pdftex.def)             Requested size: 227.62204pt x 208.456pt.
Package epstopdf Info: Source file: <figure20.eps>
(epstopdf)                    date: 2016-03-02 09:32:27
(epstopdf)                    size: 100274 bytes
(epstopdf)             Output file: <figure20-eps-converted-to.pdf>
(epstopdf)                    date: 2016-03-02 09:32:29
(epstopdf)                    size: 69105 bytes
(epstopdf)             Command: <repstopdf --outfile=figure20-eps-converted-to.
pdf figure20.eps>
(epstopdf)             \includegraphics on input line 3241.
Package epstopdf Info: Output file is already uptodate.
<figure20-eps-converted-to.pdf, id=769, 241.90375pt x 151.56625pt>
File: figure20-eps-converted-to.pdf Graphic file (type pdf)
<use figure20-eps-converted-to.pdf>
Package pdftex.def Info: figure20-eps-converted-to.pdf  used on input line 3241
.
(pdftex.def)             Requested size: 256.0748pt x 160.46286pt.
 [66 <./figure18-eps-converted-to.pdf>]
Package epstopdf Info: Source file: <figure21.eps>
(epstopdf)                    date: 2016-03-07 15:22:20
(epstopdf)                    size: 76714 bytes
(epstopdf)             Output file: <figure21-eps-converted-to.pdf>
(epstopdf)                    date: 2016-03-07 15:22:21
(epstopdf)                    size: 8093 bytes
(epstopdf)             Command: <repstopdf --outfile=figure21-eps-converted-to.
pdf figure21.eps>
(epstopdf)             \includegraphics on input line 3297.
Package epstopdf Info: Output file is already uptodate.
<figure21-eps-converted-to.pdf, id=780, 286.06876pt x 143.53625pt>
File: figure21-eps-converted-to.pdf Graphic file (type pdf)
<use figure21-eps-converted-to.pdf>
Package pdftex.def Info: figure21-eps-converted-to.pdf  used on input line 3297
.
(pdftex.def)             Requested size: 256.0748pt x 128.48712pt.
 [67 <./figure19-eps-converted-to.pdf>] [68 <./figure20-eps-converted-to.pdf> <
./figure21-eps-converted-to.pdf>]
Package epstopdf Info: Source file: <figure22.eps>
(epstopdf)                    date: 2016-03-07 16:14:48
(epstopdf)                    size: 87370 bytes
(epstopdf)             Output file: <figure22-eps-converted-to.pdf>
(epstopdf)                    date: 2016-03-07 16:14:49
(epstopdf)                    size: 8382 bytes
(epstopdf)             Command: <repstopdf --outfile=figure22-eps-converted-to.
pdf figure22.eps>
(epstopdf)             \includegraphics on input line 3332.
Package epstopdf Info: Output file is already uptodate.
<figure22-eps-converted-to.pdf, id=820, 286.06876pt x 81.30376pt>
File: figure22-eps-converted-to.pdf Graphic file (type pdf)
<use figure22-eps-converted-to.pdf>
Package pdftex.def Info: figure22-eps-converted-to.pdf  used on input line 3332
.
(pdftex.def)             Requested size: 256.0748pt x 72.77942pt.
Package epstopdf Info: Source file: <figure23.eps>
(epstopdf)                    date: 2016-03-07 16:34:01
(epstopdf)                    size: 164889 bytes
(epstopdf)             Output file: <figure23-eps-converted-to.pdf>
(epstopdf)                    date: 2016-03-07 16:34:03
(epstopdf)                    size: 47765 bytes
(epstopdf)             Command: <repstopdf --outfile=figure23-eps-converted-to.
pdf figure23.eps>
(epstopdf)             \includegraphics on input line 3361.
Package epstopdf Info: Output file is already uptodate.
<figure23-eps-converted-to.pdf, id=821, 201.75375pt x 129.48375pt>
File: figure23-eps-converted-to.pdf Graphic file (type pdf)
<use figure23-eps-converted-to.pdf>
Package pdftex.def Info: figure23-eps-converted-to.pdf  used on input line 3361
.
(pdftex.def)             Requested size: 227.62204pt x 146.08769pt.
Package epstopdf Info: Source file: <figure24.eps>
(epstopdf)                    date: 2016-03-07 16:29:56
(epstopdf)                    size: 101869 bytes
(epstopdf)             Output file: <figure24-eps-converted-to.pdf>
(epstopdf)                    date: 2016-03-07 16:29:57
(epstopdf)                    size: 9168 bytes
(epstopdf)             Command: <repstopdf --outfile=figure24-eps-converted-to.
pdf figure24.eps>
(epstopdf)             \includegraphics on input line 3370.
Package epstopdf Info: Output file is already uptodate.
<figure24-eps-converted-to.pdf, id=822, 286.06876pt x 129.48375pt>
File: figure24-eps-converted-to.pdf Graphic file (type pdf)
<use figure24-eps-converted-to.pdf>
Package pdftex.def Info: figure24-eps-converted-to.pdf  used on input line 3370
.
(pdftex.def)             Requested size: 227.62204pt x 103.02995pt.
 [69 <./figure22-eps-converted-to.pdf>]
Overfull \vbox (250.16609pt too high) has occurred while \output is active []


[70 <./figure23-eps-converted-to.pdf> <./figure24-eps-converted-to.pdf>]
Package epstopdf Info: Source file: <figure25.eps>
(epstopdf)                    date: 2016-03-08 17:18:22
(epstopdf)                    size: 90951 bytes
(epstopdf)             Output file: <figure25-eps-converted-to.pdf>
(epstopdf)                    date: 2016-03-08 17:18:24
(epstopdf)                    size: 9595 bytes
(epstopdf)             Command: <repstopdf --outfile=figure25-eps-converted-to.
pdf figure25.eps>
(epstopdf)             \includegraphics on input line 3442.
Package epstopdf Info: Output file is already uptodate.
<figure25-eps-converted-to.pdf, id=872, 286.06876pt x 199.74625pt>
File: figure25-eps-converted-to.pdf Graphic file (type pdf)
<use figure25-eps-converted-to.pdf>
Package pdftex.def Info: figure25-eps-converted-to.pdf  used on input line 3442
.
(pdftex.def)             Requested size: 199.16928pt x 139.07164pt.

[71 <./figure25-eps-converted-to.pdf>] [72] [73] [74]
Package epstopdf Info: Source file: <figure27.eps>
(epstopdf)                    date: 2016-03-12 18:26:14
(epstopdf)                    size: 55643 bytes
(epstopdf)             Output file: <figure27-eps-converted-to.pdf>
(epstopdf)                    date: 2016-03-12 18:26:15
(epstopdf)                    size: 8895 bytes
(epstopdf)             Command: <repstopdf --outfile=figure27-eps-converted-to.
pdf figure27.eps>
(epstopdf)             \includegraphics on input line 3645.
Package epstopdf Info: Output file is already uptodate.
<figure27-eps-converted-to.pdf, id=914, 346.29375pt x 229.85875pt>
File: figure27-eps-converted-to.pdf Graphic file (type pdf)
<use figure27-eps-converted-to.pdf>
Package pdftex.def Info: figure27-eps-converted-to.pdf  used on input line 3645
.
(pdftex.def)             Requested size: 341.43306pt x 226.63841pt.
 [75 <./figure27-eps-converted-to.pdf>]
Package epstopdf Info: Source file: <figure26.eps>
(epstopdf)                    date: 2016-03-12 15:49:57
(epstopdf)                    size: 3867 bytes
(epstopdf)             Output file: <figure26-eps-converted-to.pdf>
(epstopdf)                    date: 2016-03-12 17:03:37
(epstopdf)                    size: 3177 bytes
(epstopdf)             Command: <repstopdf --outfile=figure26-eps-converted-to.
pdf figure26.eps>
(epstopdf)             \includegraphics on input line 3677.
Package epstopdf Info: Output file is already uptodate.
<figure26-eps-converted-to.pdf, id=927, 286.06876pt x 199.74625pt>
File: figure26-eps-converted-to.pdf Graphic file (type pdf)
<use figure26-eps-converted-to.pdf>
Package pdftex.def Info: figure26-eps-converted-to.pdf  used on input line 3677
.
(pdftex.def)             Requested size: 256.0748pt x 178.80377pt.
 [76 <./figure26-eps-converted-to.pdf>] [77] [78] [79] [80]
[81]
Chapter 6.
[82

] [83] [84] [85] [86] [87] [88] [89] [90]

Package hyperref Warning: Token not allowed in a PDF string (PDFDocEncoding):
(hyperref)                removing `math shift' on input line 4507.


Package hyperref Warning: Token not allowed in a PDF string (PDFDocEncoding):
(hyperref)                removing `\zeta' on input line 4507.


Package hyperref Warning: Token not allowed in a PDF string (PDFDocEncoding):
(hyperref)                removing `math shift' on input line 4507.

[91] [92] [93] [94] [95]
LaTeX Font Info:    Try loading font information for OMS+cmr on input line 4837
.

(/opt/local/share/texmf-texlive/tex/latex/base/omscmr.fd
File: omscmr.fd 2014/09/29 v2.5h Standard LaTeX font definitions
)
LaTeX Font Info:    Font shape `OMS/cmr/m/it' in size <10> not available
(Font)              Font shape `OMS/cmsy/m/n' tried instead on input line 4837.

 [96] [97]
LaTeX Font Info:    Font shape `OMS/cmr/m/n' in size <10> not available
(Font)              Font shape `OMS/cmsy/m/n' tried instead on input line 5000.

 [98]
[99] [100] [101] [102] [103] [104] [105] [106] [107] [108] [109] [110] [111]
[112] [113] [114] [115]
Package epstopdf Info: Source file: <figure28.eps>
(epstopdf)                    date: 2016-04-06 17:06:30
(epstopdf)                    size: 75723 bytes
(epstopdf)             Output file: <figure28-eps-converted-to.pdf>
(epstopdf)                    date: 2016-04-06 17:06:32
(epstopdf)                    size: 9653 bytes
(epstopdf)             Command: <repstopdf --outfile=figure28-eps-converted-to.
pdf figure28.eps>
(epstopdf)             \includegraphics on input line 6099.
Package epstopdf Info: Output file is already uptodate.
<figure28-eps-converted-to.pdf, id=1233, 342.27875pt x 227.85126pt>
File: figure28-eps-converted-to.pdf Graphic file (type pdf)
<use figure28-eps-converted-to.pdf>
Package pdftex.def Info: figure28-eps-converted-to.pdf  used on input line 6099
.
(pdftex.def)             Requested size: 341.43306pt x 227.30484pt.
Package epstopdf Info: Source file: <figure29.eps>
(epstopdf)                    date: 2018-08-27 10:58:34
(epstopdf)                    size: 76365 bytes
(epstopdf)             Output file: <figure29-eps-converted-to.pdf>
(epstopdf)                    date: 2018-08-27 10:58:39
(epstopdf)                    size: 11016 bytes
(epstopdf)             Command: <repstopdf --outfile=figure29-eps-converted-to.
pdf figure29.eps>
(epstopdf)             \includegraphics on input line 6126.
Package epstopdf Info: Output file is already uptodate.
<figure29-eps-converted-to.pdf, id=1235, 342.27875pt x 227.85126pt>
File: figure29-eps-converted-to.pdf Graphic file (type pdf)
<use figure29-eps-converted-to.pdf>
Package pdftex.def Info: figure29-eps-converted-to.pdf  used on input line 6126
.
(pdftex.def)             Requested size: 341.43306pt x 227.30484pt.
 [116] [117 <./figure28-eps-converted-to.pdf>] [118 <./figure29-eps-converted-t
o.pdf>]
Package atveryend Info: Empty hook `BeforeClearDocument' on input line 6209.
 [119]
Package atveryend Info: Empty hook `AfterLastShipout' on input line 6209.
 (./notes.aux)
Package atveryend Info: Executing hook `AtVeryEndDocument' on input line 6209.
Package atveryend Info: Executing hook `AtEndAfterFileList' on input line 6209.

Package rerunfilecheck Info: File `notes.out' has not changed.
(rerunfilecheck)             Checksum: 711B8BEC0A57DDD8E014EA074811BF27;2696.
Package atveryend Info: Empty hook `AtVeryVeryEnd' on input line 6209.
 ) 
Here is how much of TeX's memory you used:
 9484 strings out of 493731
 137911 string characters out of 6152120
 238533 words of memory out of 5000000
 12613 multiletter control sequences out of 15000+600000
 15006 words of font info for 57 fonts, out of 8000000 for 9000
 430 hyphenation exceptions out of 8191
 50i,15n,42p,260b,425s stack positions out of 5000i,500n,10000p,200000b,80000s
</opt/local/share/texmf-texlive/fonts/type1/public/amsfonts/cm/cmbx10.pfb></o
pt/local/share/texmf-texlive/fonts/type1/public/amsfonts/cm/cmbx12.pfb></opt/lo
cal/share/texmf-texlive/fonts/type1/public/amsfonts/cm/cmex10.pfb></opt/local/s
hare/texmf-texlive/fonts/type1/public/amsfonts/cm/cmmi10.pfb></opt/local/share/
texmf-texlive/fonts/type1/public/amsfonts/cm/cmmi12.pfb></opt/local/share/texmf
-texlive/fonts/type1/public/amsfonts/cm/cmmi5.pfb></opt/local/share/texmf-texli
ve/fonts/type1/public/amsfonts/cm/cmmi7.pfb></opt/local/share/texmf-texlive/fon
ts/type1/public/amsfonts/cm/cmmi8.pfb></opt/local/share/texmf-texlive/fonts/typ
e1/public/amsfonts/cm/cmr10.pfb></opt/local/share/texmf-texlive/fonts/type1/pub
lic/amsfonts/cm/cmr12.pfb></opt/local/share/texmf-texlive/fonts/type1/public/am
sfonts/cm/cmr17.pfb></opt/local/share/texmf-texlive/fonts/type1/public/amsfonts
/cm/cmr5.pfb></opt/local/share/texmf-texlive/fonts/type1/public/amsfonts/cm/cmr
6.pfb></opt/local/share/texmf-texlive/fonts/type1/public/amsfonts/cm/cmr7.pfb><
/opt/local/share/texmf-texlive/fonts/type1/public/amsfonts/cm/cmr8.pfb></opt/lo
cal/share/texmf-texlive/fonts/type1/public/amsfonts/cm/cmsy10.pfb></opt/local/s
hare/texmf-texlive/fonts/type1/public/amsfonts/cm/cmsy5.pfb></opt/local/share/t
exmf-texlive/fonts/type1/public/amsfonts/cm/cmsy7.pfb></opt/local/share/texmf-t
exlive/fonts/type1/public/amsfonts/cm/cmsy8.pfb></opt/local/share/texmf-texlive
/fonts/type1/public/amsfonts/cm/cmti10.pfb></opt/local/share/texmf-texlive/font
s/type1/public/amsfonts/symbols/msbm10.pfb></opt/local/share/texmf-texlive/font
s/type1/public/amsfonts/symbols/msbm7.pfb>
Output written on notes.pdf (120 pages, 776563 bytes).
PDF statistics:
 1442 PDF objects out of 1728 (max. 8388607)
 1252 compressed objects within 13 object streams
 477 named destinations out of 1000 (max. 500000)
 474 words of extra memory for PDF output out of 10000 (max. 10000000)

