\BOOKMARK [0][-]{chapter.1}{Introduction}{}% 1
\BOOKMARK [1][-]{section.1.1}{Organization of the Course}{chapter.1}% 2
\BOOKMARK [0][-]{chapter.2}{Formalizing Mathematics}{}% 3
\BOOKMARK [1][-]{section.2.1}{Why Formality?}{chapter.2}% 4
\BOOKMARK [1][-]{section.2.2}{Epsilon-Delta Limits}{chapter.2}% 5
\BOOKMARK [1][-]{section.2.3}{Construction of Numbers and the Continuum}{chapter.2}% 6
\BOOKMARK [1][-]{section.2.4}{Theorems of Calculus}{chapter.2}% 7
\BOOKMARK [0][-]{chapter.3}{Three Diversions}{}% 8
\BOOKMARK [1][-]{section.3.1}{Hyperbolics}{chapter.3}% 9
\BOOKMARK [1][-]{section.3.2}{Implicit Derivatives and Plane Curves}{chapter.3}% 10
\BOOKMARK [1][-]{section.3.3}{Algebraic Plane Curves}{chapter.3}% 11
\BOOKMARK [1][-]{section.3.4}{Related Rates}{chapter.3}% 12
\BOOKMARK [0][-]{chapter.4}{Techniques of Integration}{}% 13
\BOOKMARK [1][-]{section.4.1}{Substitution Rule Review}{chapter.4}% 14
\BOOKMARK [1][-]{section.4.2}{Integration by Parts}{chapter.4}% 15
\BOOKMARK [1][-]{section.4.3}{Partial Fractions}{chapter.4}% 16
\BOOKMARK [1][-]{section.4.4}{Quadratic Types in Partial Fractions}{chapter.4}% 17
\BOOKMARK [1][-]{section.4.5}{Trigonometric Integrals}{chapter.4}% 18
\BOOKMARK [1][-]{section.4.6}{Examples}{chapter.4}% 19
\BOOKMARK [1][-]{section.4.7}{Trigonometric Substitutions}{chapter.4}% 20
\BOOKMARK [1][-]{section.4.8}{Improper Integrals}{chapter.4}% 21
\BOOKMARK [0][-]{chapter.5}{Applications of Integrations}{}% 22
\BOOKMARK [1][-]{section.5.1}{Parametric Curves}{chapter.5}% 23
\BOOKMARK [1][-]{section.5.2}{Examples}{chapter.5}% 24
\BOOKMARK [1][-]{section.5.3}{Calculus on Parametric Curves}{chapter.5}% 25
\BOOKMARK [1][-]{section.5.4}{Volumes}{chapter.5}% 26
\BOOKMARK [1][-]{section.5.5}{Surface Areas}{chapter.5}% 27
\BOOKMARK [1][-]{section.5.6}{Probability}{chapter.5}% 28
\BOOKMARK [0][-]{chapter.6}{Series}{}% 29
\BOOKMARK [1][-]{section.6.1}{Sequences}{chapter.6}% 30
\BOOKMARK [1][-]{section.6.2}{Definition of Infinite Series}{chapter.6}% 31
\BOOKMARK [1][-]{section.6.3}{Convergence}{chapter.6}% 32
\BOOKMARK [1][-]{section.6.4}{Geometric and \040Series}{chapter.6}% 33
\BOOKMARK [1][-]{section.6.5}{Manipulation of Series}{chapter.6}% 34
\BOOKMARK [1][-]{section.6.6}{Decimal Expansions for Real Numbers}{chapter.6}% 35
\BOOKMARK [1][-]{section.6.7}{Absolute and Conditional Convergence}{chapter.6}% 36
\BOOKMARK [1][-]{section.6.8}{Convergence Tests}{chapter.6}% 37
\BOOKMARK [1][-]{section.6.9}{Values of Infinite Series}{chapter.6}% 38
\BOOKMARK [1][-]{section.6.10}{Power Series}{chapter.6}% 39
\BOOKMARK [1][-]{section.6.11}{Taylor Series}{chapter.6}% 40
\BOOKMARK [1][-]{section.6.12}{Approximation and Taylor Polynomials}{chapter.6}% 41
